[0;35m
****************************************************************************************************************
jest
****************************************************************************************************************
[0m
[1m[2mDetermining test suites to run...[22m[22m[999D[K.
[1m[31m  [1mâ— [22m[1minsert saves the data to the database[39m[22m

    [2mexpect([22m[31mreceived[39m[2m).[22mtoEqual[2m([22m[32mexpected[39m[2m) // deep equality[22m

    [32m- Expected  - 1[39m
    [31m+ Received  + 1[39m

    [2m  Array [[22m
    [2m    Object {[22m
    [2m      "description": "average height",[22m
    [2m      "email": "john@test.com",[22m
    [32m-     "name": "John1",[39m
    [31m+     "name": "John",[39m
    [2m    },[22m
    [2m  ][22m
[2m[22m
[2m    [0m [90m  9 |[39m[0m[22m
[2m    [0m [90m 10 |[39m     [36mconst[39m expected [33m=[39m process[33m.[39menv[33m.[39mmode [33m===[39m [32m'equalError'[39m [33m?[39m [{ [33m...[39mdata[33m,[39m name[33m:[39m [32m'John1'[39m }] [33m:[39m [data][33m;[39m[0m[22m
[2m    [0m[31m[1m>[22m[2m[39m[90m 11 |[39m     expect(actual)[33m.[39mtoEqual(expected)[33m;[39m[0m[22m
[2m    [0m [90m    |[39m                    [31m[1m^[22m[2m[39m[0m[22m
[2m    [0m [90m 12 |[39m     [36mawait[39m employee[33m.[39mremoveAll()[33m;[39m            [0m[22m
[2m    [0m [90m 13 |[39m })[33m;[39m[0m[22m
[2m    [0m [90m 14 |[39m[0m[22m
[2m[22m
[2m      [2mat Object.<anonymous> ([22m[2m[0m[36mtest/jestTest.js[39m[0m[2m:11:20)[22m[2m[22m



[0;35m
****************************************************************************************************************
ava
****************************************************************************************************************
[0m

  [31mâœ–[39m insert saves the data to the database 
  [90mâ”€[39m

  [1minsert saves the data to the database[22m

  [90mtest/avaTest.js:11[39m

   [90m10:[39m     const expected = process.env.mode === 'equalError' ? [{ ...data, name: 'John1' }] : [data];
  [41m 11:     eq(actual, expected);                                                                      [49m
   [90m12:[39m     await employee.removeAll();                                                                

  Difference:

    [90m[[39m
      [90m{[39m
        description: [34m'[39m[34maverage height[39m[34m'[39m[90m,[39m
        email: [34m'[39m[34mjohn@test.com[39m[34m'[39m[90m,[39m
  [31m-[39m     name: [34m'[39m[34mJohn[39m[34m'[39m[90m,[39m
  [32m+[39m     name: [34m'[39m[34mJohn[39m[42m[30m1[39m[49m[34m'[39m[90m,[39m
      [90m}[39m[90m,[39m
    [90m][39m

  [90mâ€º test/avaTest.js:11:5[39m

  [90mâ”€[39m

  [31m1 test failed[39m
[0;35m
****************************************************************************************************************
mocha
****************************************************************************************************************
[0m
(node:24067) [DEP0148] DeprecationWarning: Use of deprecated folder mapping "./" in the "exports" field module resolution of the package at /home/ddv/dev/projects/comparing-testing-libraries/node_modules/chai/package.json imported from /home/ddv/dev/projects/comparing-testing-libraries/node_modules/mocha/lib/nodejs/esm-utils.js.
Update this package.json to use a subpath pattern like "./*".
(Use `node --trace-deprecation ...` to show where the warning was created)
[2J[1;3H
[92m [0m[32m 0 passing[0m[90m (5ms)[0m
[31m  1 failing[0m

[0m  1) insert saves the data to the database:

      [31mAssertionError: expected [ Array(1) ] to deeply equal [ Array(1) ][0m      
      [30;41mactual[0m [30;42mexpected[0m
      
      1 | [
      2 |   {
      3 |     "description": "average height"
      4 |     "email": "john@test.com"
      5 |     "name": "[30;41mJohn[0m[30;42mJohn1[0m"
      6 |   }
      7 | ]
      [0m[90m
      at Context.<anonymous> (test/mochaTest.js:11:28)
[0m


[0;35m
****************************************************************************************************************
lab
****************************************************************************************************************
[0m

  
  [31mx[0m

Failed tests:

  1) insert saves the data to the database:

      [37;41mactual[0m [30;42mexpected[0m

      [
        {
          description: 'average height',
          email: 'john@test.com',
          name: '[37;41mJohn[0m[30;42mJohn1[0m'
        }
      ]

      [33mExpected [Array(1)] to equal specified value: [Array(1)][0m

[90m      at /home/ddv/dev/projects/comparing-testing-libraries/test/labTest.js:13:23[0m


[31m1 of 1 tests failed[0m
Test duration: 5 ms
Leaks: [32mNo issues[0m

[0;35m
****************************************************************************************************************
pta
****************************************************************************************************************
[0m
  
  [41m[97m[1m FAIL [22m[39m[49m [1m[4m[1minsert saves the data to the database[22m[1m[24m[22m
  [90mat[39m:  /home/ddv/dev/projects/comparing-testing-libraries/test/zoraTest.js:11:5
  
  should be equivalent
  [36m[equal][39m diff in objects:
  [41m[97m[1m - actual [22m[39m[49m [42m[97m[1m + expected [22m[39m[49m

     [90m [ [39m
     [90m   { [39m
     [90m     "description": "average height", [39m
     [90m     "email": "john@test.com", [39m
  [41m[97m[1m - [22m[39m[49m     "name": "John"
  [42m[97m[1m + [22m[39m[49m     "name": "John1"
     [90m   } [39m
     [90m ] [39m
  
  [1mTOTAL:  1[22m
  [90m PASS:  0 [39m
  [41m[97m[1m FAIL:  1 [22m[39m[49m
  [90m SKIP:  0 [39m
  
[0;35m
****************************************************************************************************************
best
****************************************************************************************************************
[0m
AssertionError [ERR_ASSERTION]: Expected values to be strictly deep-equal:
[32m+ actual[39m [31m- expected[39m

  [
    {
      description: 'average height',
      email: 'john@test.com',
[32m+[39m     name: 'John'
[31m-[39m     name: 'John1'
    }
  ]
    at Object.fn (/home/ddv/dev/projects/comparing-testing-libraries/test/bestTest.js:11:5)
    at async Immediate.run (/home/ddv/dev/projects/comparing-testing-libraries/best/best.js:12:13)
[0;35m
****************************************************************************************************************
tapDiff2
****************************************************************************************************************
[0m

  [34minsert saves the data to the database[39m
    [31mâœ–[39m  [31mshould be deeply equivalent[39m at [35mTest.<anonymous> (/home/ddv/dev/projects/comparing-testing-libraries/test/tapeTest.js:11:5)[39m
        [37m[[39m
          {
            "description": "average height",
            "email": "john@test.com",
            "name": "[31m[7mJohn[27m[39m[32m[7mJohn1[27m[39m[37m"[39m
          }
        ]

[32mpassed: 0  [39m[31mfailed: 1  [39m[37mof 1 tests  [39m[2m(10ms)[22m

[31m1 of 1 tests failed.[39m

[0;35m
****************************************************************************************************************
tapArc
****************************************************************************************************************
[0m

[2m  [22m[4minsert saves the data to the database[24m
[2m  [22m[2m  [22m[31mâœ–[39m [2m1)[22m [31mshould be deeply equivalent[39m
[2m  [22m[2m  [22m[2m  [22m[
[2m  [22m[2m  [22m[2m  [22m[2mÂ·Â·[22m{
[2m  [22m[2m  [22m[2m  [22m[2mÂ·Â·[22m[2mÂ·Â·[22m"name": "John[30m[42m1[49m[39m",
[2m  [22m[2m  [22m[2m  [22m[2mÂ·Â·[22m[2mÂ·Â·[22m"email": "john@test.com",
[2m  [22m[2m  [22m[2m  [22m[2mÂ·Â·[22m[2mÂ·Â·[22m"description": "average height"
[2m  [22m[2m  [22m[2m  [22m[2mÂ·Â·[22m}
[2m  [22m[2m  [22m[2m  [22m]
[2m  [22m[2m  [22m[2m  [22m[2mAt: Test.<anonymous> (/test/tapeTest.js:11:5)[22m
[2m  [22m[2m  [22m[2m  [22m

[2m  [22m[31mFailed tests:[39m There was [31m1[39m failure

[2m  [22m[2m  [22m[31mâœ–[39m [2m1)[22m should be deeply equivalent

[2m  [22mtotal:     1
[31m[2m  [22mfailing:   1
[39m[2m[2m  [22m[2m21 ms[22m

[0;35m
****************************************************************************************************************
tapDifflet
****************************************************************************************************************
[0m

  [37m[1minsert saves the data to the database[22m[39m
    [37m[31m[1mâ¨¯ should be deeply equivalent[22m[37m[39m
[37m[31m[1m[22m[37m[39m
      [ { name: 'John[7m[31m1[39m[27m', email: 'john@test.com', description: 'average height' } ]
      
      [90mAt: Test.<anonymous> (/home/ddv/dev/projects/comparing-testing-libraries/test/tapeTest.js:11:5)[39m

[31m[1m1 failing[22m[39m
[31m[1m[22m[39m[32m[1m0 passing[22m[39m[90m (10ms)[39m

[0;35m
****************************************************************************************************************
tapNirvana
****************************************************************************************************************
[0m

  [36minsert saves the data to the database[39m
    [31mâœ–  should be deeply equivalent[39m
    [31m-------------------------------[39m
        [35moperator:[39m deepEqual
        [35mexpected: [39m[{"name": "John1", "email": "john@test.com", "description": "average height"}]
        [35mdiff: [39m[
          0: {
            name: [33m"John1" => "John"[39m
          }
        ]
        [35msource: [39m[90mat Test.<anonymous> (/home/ddv/dev/projects/comparing-testing-libraries/test/tapeTest.js:11:5)[39m
        [90mat processTicksAndRejections (node:internal/process/task_queues:96:5)[39m
        [90m[39m
        



  [32mpassed: 0,[39m  [31mfailed: 1[39m  of 1 tests  [2m(9ms)[22m
